# ca-GrQc 4158 13428 2
0 0
1 0
2 0
3 1
4 0
5 0
6 0
7 0
8 0
9 0
10 0
11 0
12 0
13 0
14 0
15 0
16 0
17 0
18 0
19 0
20 0
21 0
22 0
23 0
24 0
25 1
26 0
27 0
28 0
29 0
30 0
31 0
32 1
33 1
34 1
35 0
36 0
37 1
38 1
39 0
40 0
41 1
42 0
43 1
44 0
45 0
46 0
47 0
48 0
49 0
50 1
51 0
52 1
53 1
54 0
55 0
56 0
57 0
58 0
59 1
60 0
61 0
62 0
63 0
64 0
65 0
66 0
67 0
68 0
69 0
70 0
71 0
72 0
73 0
74 0
75 0
76 1
77 0
78 0
79 1
80 0
81 0
82 0
83 0
84 1
85 0
86 0
87 1
88 0
89 0
90 0
91 0
92 1
93 1
94 0
95 0
96 0
97 0
98 0
99 1
100 0
101 0
102 0
103 0
104 0
105 0
106 0
107 1
108 0
109 1
110 1
111 0
112 0
113 0
114 0
115 0
116 0
117 1
118 0
119 1
120 0
121 0
122 0
123 0
124 0
125 0
126 0
127 0
128 0
129 0
130 0
131 0
132 1
133 0
134 0
135 0
136 1
137 1
138 0
139 0
140 1
141 0
142 0
143 1
144 1
145 0
146 0
147 0
148 0
149 0
150 1
151 0
152 1
153 0
154 0
155 1
156 0
157 0
158 0
159 0
160 0
161 0
162 0
163 0
164 0
165 1
166 1
167 1
168 0
169 0
170 0
171 0
172 0
173 0
174 0
175 0
176 1
177 0
178 1
179 1
180 0
181 0
182 0
183 1
184 1
185 0
186 0
187 1
188 0
189 0
190 0
191 1
192 0
193 0
194 0
195 0
196 0
197 1
198 0
199 0
200 1
201 1
202 0
203 0
204 0
205 0
206 0
207 1
208 0
209 0
210 0
211 0
212 0
213 0
214 0
215 0
216 0
217 0
218 0
219 0
220 1
221 0
222 0
223 1
224 1
225 0
226 1
227 1
228 1
229 0
230 0
231 0
232 1
233 0
234 0
235 0
236 0
237 0
238 0
239 0
240 0
241 0
242 0
243 0
244 0
245 0
246 0
247 0
248 0
249 0
250 0
251 0
252 0
253 0
254 0
255 0
256 0
257 0
258 0
259 0
260 1
261 0
262 0
263 0
264 0
265 0
266 1
267 0
268 0
269 0
270 0
271 0
272 0
273 0
274 0
275 0
276 0
277 0
278 0
279 1
280 0
281 1
282 1
283 1
284 0
285 0
286 0
287 0
288 0
289 0
290 0
291 1
292 0
293 0
294 0
295 1
296 0
297 0
298 1
299 0
300 1
301 1
302 1
303 0
304 1
305 0
306 1
307 0
308 0
309 0
310 1
311 1
312 0
313 0
314 0
315 0
316 1
317 1
318 1
319 1
320 0
321 0
322 0
323 1
324 1
325 0
326 0
327 0
328 0
329 0
330 0
331 0
332 0
333 0
334 0
335 0
336 0
337 0
338 1
339 1
340 1
341 0
342 0
343 1
344 1
345 0
346 0
347 0
348 0
349 0
350 1
351 0
352 0
353 0
354 1
355 0
356 0
357 0
358 0
359 0
360 0
361 0
362 0
363 0
364 0
365 0
366 1
367 0
368 0
369 0
370 0
371 1
372 0
373 0
374 0
375 0
376 0
377 0
378 0
379 1
380 1
381 1
382 0
383 0
384 1
385 0
386 0
387 0
388 0
389 0
390 0
391 0
392 1
393 0
394 1
395 0
396 0
397 0
398 0
399 1
400 1
401 0
402 0
403 1
404 0
405 1
406 0
407 0
408 0
409 0
410 0
411 0
412 1
413 0
414 0
415 0
416 0
417 0
418 0
419 0
420 0
421 1
422 0
423 0
424 1
425 0
426 0
427 0
428 0
429 0
430 0
431 0
432 0
433 0
434 0
435 0
436 1
437 0
438 0
439 0
440 1
441 1
442 1
443 0
444 0
445 1
446 0
447 0
448 0
449 1
450 1
451 0
452 0
453 1
454 0
455 0
456 1
457 0
458 0
459 0
460 0
461 0
462 0
463 0
464 0
465 0
466 0
467 0
468 0
469 0
470 0
471 0
472 0
473 0
474 0
475 0
476 0
477 1
478 0
479 0
480 0
481 0
482 0
483 1
484 0
485 1
486 0
487 0
488 1
489 0
490 0
491 0
492 0
493 0
494 0
495 1
496 0
497 0
498 0
499 0
500 1
501 0
502 0
503 0
504 1
505 0
506 0
507 0
508 0
509 0
510 0
511 0
512 0
513 0
514 1
515 1
516 0
517 1
518 1
519 1
520 0
521 0
522 1
523 1
524 0
525 0
526 1
527 1
528 0
529 0
530 0
531 0
532 0
533 0
534 0
535 0
536 1
537 1
538 0
539 0
540 0
541 0
542 0
543 0
544 0
545 0
546 0
547 0
548 0
549 0
550 0
551 0
552 1
553 0
554 0
555 0
556 0
557 0
558 0
559 0
560 0
561 0
562 0
563 0
564 0
565 0
566 0
567 0
568 0
569 0
570 0
571 0
572 0
573 0
574 0
575 0
576 0
577 0
578 0
579 1
580 0
581 0
582 0
583 0
584 0
585 0
586 0
587 0
588 1
589 0
590 0
591 0
592 0
593 0
594 0
595 0
596 0
597 0
598 0
599 0
600 0
601 0
602 0
603 0
604 0
605 1
606 0
607 0
608 0
609 0
610 0
611 0
612 0
613 1
614 0
615 0
616 0
617 1
618 1
619 0
620 0
621 0
622 0
623 0
624 0
625 0
626 0
627 0
628 0
629 0
630 0
631 0
632 0
633 0
634 0
635 1
636 1
637 1
638 0
639 0
640 0
641 0
642 0
643 1
644 1
645 0
646 0
647 1
648 0
649 1
650 1
651 1
652 0
653 0
654 0
655 0
656 1
657 0
658 0
659 0
660 0
661 0
662 0
663 0
664 0
665 1
666 0
667 0
668 0
669 0
670 0
671 0
672 1
673 0
674 0
675 0
676 0
677 0
678 0
679 1
680 1
681 0
682 0
683 0
684 1
685 0
686 0
687 1
688 0
689 0
690 1
691 0
692 1
693 0
694 1
695 1
696 0
697 0
698 0
699 0
700 0
701 0
702 0
703 0
704 0
705 1
706 0
707 0
708 0
709 0
710 0
711 0
712 0
713 0
714 0
715 0
716 0
717 0
718 0
719 0
720 0
721 0
722 0
723 0
724 0
725 0
726 0
727 0
728 0
729 0
730 1
731 1
732 1
733 0
734 0
735 1
736 0
737 1
738 0
739 0
740 0
741 0
742 0
743 0
744 0
745 0
746 0
747 0
748 0
749 0
750 0
751 0
752 1
753 1
754 0
755 0
756 1
757 0
758 0
759 0
760 0
761 1
762 1
763 0
764 1
765 0
766 1
767 0
768 1
769 0
770 0
771 1
772 0
773 0
774 0
775 0
776 0
777 1
778 1
779 1
780 0
781 0
782 0
783 0
784 0
785 0
786 0
787 1
788 1
789 0
790 0
791 0
792 0
793 0
794 0
795 1
796 0
797 0
798 0
799 0
800 1
801 1
802 0
803 0
804 0
805 0
806 0
807 0
808 0
809 1
810 1
811 0
812 1
813 0
814 0
815 0
816 0
817 1
818 0
819 0
820 1
821 1
822 0
823 0
824 0
825 0
826 0
827 0
828 0
829 1
830 0
831 0
832 0
833 0
834 0
835 0
836 0
837 1
838 0
839 0
840 0
841 0
842 0
843 0
844 0
845 1
846 1
847 0
848 0
849 0
850 0
851 0
852 0
853 0
854 0
855 0
856 0
857 1
858 0
859 0
860 0
861 0
862 0
863 1
864 0
865 1
866 0
867 1
868 0
869 0
870 0
871 0
872 0
873 0
874 0
875 0
876 1
877 1
878 0
879 0
880 0
881 0
882 0
883 0
884 0
885 1
886 0
887 0
888 0
889 0
890 0
891 0
892 1
893 0
894 0
895 0
896 0
897 0
898 0
899 0
900 0
901 0
902 0
903 0
904 0
905 0
906 0
907 0
908 0
909 0
910 0
911 0
912 0
913 1
914 1
915 1
916 0
917 1
918 0
919 0
920 0
921 0
922 0
923 0
924 1
925 0
926 1
927 0
928 0
929 1
930 1
931 0
932 0
933 0
934 0
935 1
936 0
937 1
938 0
939 0
940 0
941 0
942 0
943 0
944 1
945 1
946 1
947 0
948 0
949 0
950 0
951 0
952 0
953 0
954 0
955 0
956 0
957 0
958 0
959 1
960 1
961 0
962 0
963 0
964 1
965 0
966 0
967 0
968 0
969 0
970 0
971 0
972 1
973 1
974 0
975 0
976 0
977 0
978 0
979 0
980 1
981 0
982 1
983 0
984 0
985 0
986 0
987 0
988 0
989 0
990 1
991 1
992 0
993 1
994 0
995 0
996 0
997 0
998 0
999 0
1000 0
1001 1
1002 1
1003 0
1004 0
1005 0
1006 0
1007 0
1008 0
1009 0
1010 1
1011 0
1012 0
1013 0
1014 0
1015 0
1016 1
1017 0
1018 0
1019 1
1020 0
1021 0
1022 0
1023 0
1024 0
1025 0
1026 0
1027 0
1028 0
1029 0
1030 0
1031 0
1032 0
1033 0
1034 1
1035 0
1036 0
1037 0
1038 0
1039 0
1040 1
1041 0
1042 1
1043 0
1044 0
1045 0
1046 0
1047 0
1048 0
1049 0
1050 0
1051 1
1052 1
1053 0
1054 0
1055 1
1056 0
1057 0
1058 0
1059 1
1060 0
1061 1
1062 0
1063 0
1064 0
1065 0
1066 0
1067 0
1068 0
1069 1
1070 0
1071 1
1072 0
1073 0
1074 1
1075 1
1076 0
1077 1
1078 0
1079 0
1080 0
1081 0
1082 0
1083 1
1084 0
1085 0
1086 1
1087 1
1088 0
1089 1
1090 0
1091 0
1092 0
1093 0
1094 0
1095 0
1096 0
1097 0
1098 0
1099 0
1100 0
1101 1
1102 0
1103 0
1104 1
1105 0
1106 0
1107 1
1108 0
1109 1
1110 0
1111 1
1112 0
1113 0
1114 0
1115 0
1116 0
1117 0
1118 0
1119 0
1120 0
1121 0
1122 0
1123 0
1124 0
1125 0
1126 0
1127 0
1128 0
1129 0
1130 0
1131 0
1132 0
1133 0
1134 0
1135 0
1136 1
1137 0
1138 0
1139 0
1140 0
1141 0
1142 0
1143 0
1144 0
1145 0
1146 0
1147 0
1148 1
1149 0
1150 0
1151 0
1152 0
1153 0
1154 1
1155 0
1156 0
1157 0
1158 0
1159 0
1160 0
1161 0
1162 1
1163 0
1164 1
1165 0
1166 0
1167 0
1168 1
1169 0
1170 0
1171 0
1172 0
1173 0
1174 1
1175 0
1176 0
1177 1
1178 0
1179 0
1180 0
1181 1
1182 0
1183 0
1184 0
1185 1
1186 1
1187 0
1188 0
1189 1
1190 0
1191 0
1192 0
1193 0
1194 1
1195 0
1196 0
1197 0
1198 0
1199 1
1200 0
1201 0
1202 0
1203 0
1204 0
1205 1
1206 0
1207 1
1208 1
1209 1
1210 0
1211 1
1212 1
1213 0
1214 1
1215 0
1216 0
1217 0
1218 0
1219 0
1220 0
1221 0
1222 0
1223 0
1224 1
1225 0
1226 0
1227 0
1228 0
1229 0
1230 0
1231 0
1232 0
1233 0
1234 0
1235 1
1236 0
1237 1
1238 0
1239 0
1240 0
1241 0
1242 1
1243 1
1244 0
1245 0
1246 1
1247 1
1248 1
1249 1
1250 0
1251 0
1252 0
1253 1
1254 0
1255 0
1256 0
1257 0
1258 1
1259 0
1260 0
1261 0
1262 0
1263 0
1264 1
1265 0
1266 1
1267 0
1268 0
1269 0
1270 0
1271 0
1272 0
1273 0
1274 0
1275 0
1276 0
1277 1
1278 0
1279 0
1280 1
1281 1
1282 0
1283 0
1284 1
1285 1
1286 1
1287 0
1288 0
1289 0
1290 0
1291 0
1292 1
1293 0
1294 1
1295 1
1296 1
1297 1
1298 0
1299 0
1300 0
1301 0
1302 0
1303 1
1304 0
1305 0
1306 0
1307 0
1308 0
1309 0
1310 1
1311 0
1312 1
1313 0
1314 0
1315 0
1316 1
1317 0
1318 0
1319 0
1320 0
1321 0
1322 0
1323 0
1324 0
1325 0
1326 0
1327 0
1328 0
1329 0
1330 1
1331 0
1332 0
1333 0
1334 0
1335 0
1336 0
1337 0
1338 1
1339 1
1340 0
1341 0
1342 0
1343 0
1344 0
1345 0
1346 0
1347 0
1348 0
1349 1
1350 0
1351 0
1352 1
1353 0
1354 0
1355 0
1356 1
1357 1
1358 0
1359 0
1360 0
1361 0
1362 0
1363 0
1364 0
1365 0
1366 1
1367 0
1368 1
1369 1
1370 1
1371 0
1372 0
1373 0
1374 0
1375 1
1376 0
1377 0
1378 0
1379 0
1380 0
1381 0
1382 0
1383 0
1384 0
1385 0
1386 0
1387 0
1388 0
1389 0
1390 0
1391 0
1392 0
1393 0
1394 0
1395 0
1396 1
1397 1
1398 0
1399 0
1400 0
1401 0
1402 1
1403 0
1404 0
1405 0
1406 0
1407 0
1408 0
1409 1
1410 0
1411 0
1412 0
1413 0
1414 1
1415 0
1416 0
1417 0
1418 0
1419 0
1420 0
1421 1
1422 1
1423 1
1424 0
1425 0
1426 0
1427 0
1428 0
1429 0
1430 0
1431 0
1432 1
1433 1
1434 0
1435 0
1436 0
1437 0
1438 1
1439 0
1440 0
1441 0
1442 0
1443 0
1444 1
1445 0
1446 0
1447 1
1448 0
1449 0
1450 1
1451 0
1452 1
1453 0
1454 0
1455 0
1456 1
1457 0
1458 0
1459 0
1460 0
1461 0
1462 0
1463 0
1464 0
1465 1
1466 0
1467 0
1468 0
1469 0
1470 0
1471 1
1472 0
1473 0
1474 0
1475 0
1476 1
1477 0
1478 0
1479 0
1480 1
1481 0
1482 0
1483 0
1484 0
1485 0
1486 1
1487 0
1488 0
1489 0
1490 0
1491 0
1492 0
1493 0
1494 1
1495 0
1496 0
1497 0
1498 1
1499 0
1500 0
1501 1
1502 1
1503 0
1504 0
1505 1
1506 1
1507 1
1508 0
1509 0
1510 1
1511 0
1512 0
1513 0
1514 0
1515 1
1516 1
1517 0
1518 0
1519 1
1520 0
1521 0
1522 0
1523 0
1524 0
1525 0
1526 1
1527 0
1528 0
1529 1
1530 1
1531 0
1532 0
1533 0
1534 0
1535 0
1536 1
1537 1
1538 0
1539 1
1540 0
1541 0
1542 0
1543 0
1544 0
1545 0
1546 0
1547 0
1548 0
1549 0
1550 0
1551 0
1552 0
1553 1
1554 0
1555 0
1556 0
1557 1
1558 0
1559 0
1560 0
1561 0
1562 1
1563 0
1564 0
1565 0
1566 0
1567 0
1568 0
1569 0
1570 0
1571 1
1572 0
1573 0
1574 0
1575 0
1576 0
1577 1
1578 0
1579 0
1580 0
1581 0
1582 0
1583 0
1584 0
1585 0
1586 0
1587 0
1588 0
1589 0
1590 0
1591 0
1592 1
1593 0
1594 0
1595 1
1596 1
1597 1
1598 0
1599 0
1600 1
1601 0
1602 0
1603 0
1604 0
1605 0
1606 0
1607 0
1608 0
1609 0
1610 0
1611 0
1612 0
1613 0
1614 0
1615 0
1616 0
1617 1
1618 0
1619 0
1620 0
1621 0
1622 0
1623 0
1624 0
1625 0
1626 1
1627 0
1628 0
1629 1
1630 0
1631 0
1632 0
1633 0
1634 0
1635 0
1636 0
1637 0
1638 0
1639 0
1640 1
1641 0
1642 0
1643 0
1644 1
1645 0
1646 0
1647 0
1648 0
1649 0
1650 1
1651 0
1652 0
1653 0
1654 0
1655 0
1656 0
1657 1
1658 0
1659 0
1660 0
1661 0
1662 0
1663 0
1664 0
1665 0
1666 1
1667 0
1668 0
1669 0
1670 1
1671 0
1672 0
1673 0
1674 0
1675 0
1676 1
1677 1
1678 0
1679 0
1680 1
1681 1
1682 0
1683 1
1684 0
1685 0
1686 0
1687 0
1688 0
1689 0
1690 0
1691 0
1692 0
1693 0
1694 0
1695 0
1696 0
1697 0
1698 0
1699 0
1700 0
1701 0
1702 1
1703 0
1704 1
1705 1
1706 1
1707 1
1708 0
1709 0
1710 0
1711 0
1712 0
1713 0
1714 1
1715 0
1716 1
1717 0
1718 0
1719 0
1720 0
1721 0
1722 0
1723 0
1724 0
1725 0
1726 0
1727 1
1728 0
1729 0
1730 0
1731 0
1732 0
1733 1
1734 0
1735 0
1736 0
1737 0
1738 1
1739 0
1740 1
1741 0
1742 1
1743 1
1744 0
1745 0
1746 0
1747 1
1748 0
1749 0
1750 0
1751 0
1752 0
1753 0
1754 0
1755 0
1756 1
1757 0
1758 0
1759 0
1760 0
1761 0
1762 0
1763 0
1764 0
1765 0
1766 1
1767 0
1768 1
1769 0
1770 0
1771 0
1772 1
1773 0
1774 1
1775 0
1776 1
1777 0
1778 0
1779 1
1780 0
1781 0
1782 1
1783 1
1784 0
1785 0
1786 0
1787 0
1788 0
1789 0
1790 0
1791 1
1792 0
1793 0
1794 0
1795 0
1796 0
1797 0
1798 0
1799 0
1800 1
1801 0
1802 0
1803 0
1804 1
1805 0
1806 1
1807 0
1808 0
1809 0
1810 0
1811 0
1812 0
1813 0
1814 1
1815 0
1816 0
1817 1
1818 0
1819 0
1820 0
1821 0
1822 0
1823 0
1824 0
1825 0
1826 0
1827 0
1828 0
1829 0
1830 0
1831 0
1832 1
1833 0
1834 0
1835 0
1836 0
1837 0
1838 1
1839 0
1840 1
1841 0
1842 0
1843 1
1844 1
1845 0
1846 1
1847 1
1848 0
1849 0
1850 0
1851 1
1852 1
1853 0
1854 1
1855 0
1856 0
1857 1
1858 0
1859 1
1860 0
1861 0
1862 0
1863 0
1864 0
1865 0
1866 0
1867 0
1868 1
1869 0
1870 0
1871 0
1872 0
1873 0
1874 0
1875 1
1876 0
1877 0
1878 0
1879 0
1880 0
1881 0
1882 0
1883 0
1884 1
1885 0
1886 0
1887 0
1888 0
1889 1
1890 0
1891 1
1892 0
1893 0
1894 1
1895 1
1896 0
1897 1
1898 1
1899 0
1900 0
1901 0
1902 1
1903 0
1904 0
1905 0
1906 0
1907 0
1908 0
1909 1
1910 0
1911 0
1912 0
1913 0
1914 0
1915 0
1916 1
1917 0
1918 0
1919 0
1920 0
1921 0
1922 0
1923 0
1924 0
1925 0
1926 0
1927 0
1928 0
1929 0
1930 0
1931 0
1932 0
1933 0
1934 0
1935 0
1936 1
1937 1
1938 0
1939 0
1940 1
1941 1
1942 0
1943 0
1944 0
1945 1
1946 1
1947 1
1948 0
1949 0
1950 0
1951 0
1952 0
1953 0
1954 0
1955 0
1956 0
1957 1
1958 0
1959 0
1960 0
1961 0
1962 0
1963 0
1964 1
1965 0
1966 1
1967 0
1968 1
1969 0
1970 0
1971 1
1972 0
1973 0
1974 1
1975 0
1976 0
1977 1
1978 0
1979 1
1980 1
1981 1
1982 0
1983 0
1984 0
1985 0
1986 0
1987 0
1988 0
1989 1
1990 0
1991 0
1992 0
1993 1
1994 0
1995 1
1996 1
1997 0
1998 0
1999 0
2000 0
2001 0
2002 0
2003 0
2004 0
2005 1
2006 0
2007 0
2008 0
2009 0
2010 0
2011 0
2012 1
2013 0
2014 0
2015 0
2016 0
2017 0
2018 1
2019 0
2020 0
2021 0
2022 0
2023 0
2024 1
2025 1
2026 0
2027 0
2028 1
2029 1
2030 0
2031 0
2032 1
2033 0
2034 0
2035 0
2036 0
2037 1
2038 0
2039 0
2040 0
2041 0
2042 0
2043 0
2044 0
2045 0
2046 0
2047 0
2048 0
2049 0
2050 0
2051 0
2052 0
2053 0
2054 0
2055 0
2056 0
2057 0
2058 1
2059 0
2060 0
2061 1
2062 1
2063 0
2064 0
2065 0
2066 1
2067 0
2068 0
2069 0
2070 0
2071 0
2072 0
2073 0
2074 1
2075 0
2076 0
2077 0
2078 1
2079 0
2080 1
2081 0
2082 0
2083 0
2084 0
2085 0
2086 0
2087 1
2088 0
2089 1
2090 0
2091 0
2092 0
2093 0
2094 1
2095 0
2096 0
2097 1
2098 0
2099 0
2100 0
2101 0
2102 0
2103 0
2104 1
2105 0
2106 1
2107 1
2108 0
2109 1
2110 0
2111 1
2112 0
2113 1
2114 1
2115 0
2116 0
2117 0
2118 0
2119 0
2120 0
2121 1
2122 0
2123 1
2124 0
2125 0
2126 0
2127 0
2128 0
2129 0
2130 0
2131 0
2132 0
2133 0
2134 0
2135 0
2136 0
2137 0
2138 1
2139 0
2140 0
2141 0
2142 0
2143 0
2144 1
2145 0
2146 0
2147 1
2148 0
2149 0
2150 0
2151 0
2152 0
2153 1
2154 0
2155 0
2156 0
2157 0
2158 1
2159 0
2160 1
2161 1
2162 1
2163 1
2164 0
2165 1
2166 0
2167 0
2168 1
2169 0
2170 0
2171 1
2172 0
2173 0
2174 1
2175 0
2176 1
2177 0
2178 0
2179 0
2180 0
2181 0
2182 0
2183 1
2184 1
2185 0
2186 0
2187 1
2188 0
2189 0
2190 0
2191 0
2192 0
2193 0
2194 0
2195 0
2196 0
2197 0
2198 0
2199 0
2200 0
2201 0
2202 0
2203 0
2204 0
2205 0
2206 0
2207 0
2208 0
2209 0
2210 0
2211 0
2212 0
2213 1
2214 0
2215 0
2216 1
2217 0
2218 0
2219 0
2220 0
2221 0
2222 0
2223 1
2224 0
2225 0
2226 1
2227 0
2228 0
2229 0
2230 0
2231 0
2232 0
2233 0
2234 0
2235 0
2236 0
2237 0
2238 0
2239 0
2240 0
2241 0
2242 0
2243 0
2244 1
2245 0
2246 0
2247 0
2248 1
2249 0
2250 0
2251 0
2252 1
2253 0
2254 1
2255 0
2256 0
2257 1
2258 0
2259 0
2260 0
2261 0
2262 0
2263 0
2264 0
2265 0
2266 0
2267 0
2268 0
2269 0
2270 0
2271 0
2272 0
2273 1
2274 0
2275 0
2276 0
2277 0
2278 0
2279 0
2280 0
2281 0
2282 0
2283 0
2284 1
2285 0
2286 0
2287 0
2288 1
2289 0
2290 1
2291 0
2292 1
2293 0
2294 0
2295 0
2296 1
2297 0
2298 0
2299 0
2300 0
2301 0
2302 1
2303 0
2304 0
2305 0
2306 1
2307 0
2308 0
2309 0
2310 0
2311 1
2312 0
2313 0
2314 0
2315 0
2316 0
2317 1
2318 1
2319 0
2320 0
2321 0
2322 0
2323 1
2324 1
2325 0
2326 0
2327 1
2328 0
2329 0
2330 0
2331 0
2332 1
2333 0
2334 1
2335 0
2336 0
2337 0
2338 0
2339 0
2340 1
2341 0
2342 0
2343 0
2344 0
2345 1
2346 0
2347 0
2348 0
2349 1
2350 0
2351 0
2352 1
2353 0
2354 0
2355 0
2356 0
2357 0
2358 0
2359 0
2360 0
2361 0
2362 0
2363 0
2364 1
2365 1
2366 0
2367 0
2368 0
2369 0
2370 1
2371 0
2372 0
2373 0
2374 0
2375 1
2376 0
2377 0
2378 0
2379 0
2380 1
2381 0
2382 1
2383 1
2384 0
2385 0
2386 1
2387 1
2388 0
2389 1
2390 1
2391 1
2392 0
2393 0
2394 1
2395 1
2396 0
2397 0
2398 0
2399 0
2400 0
2401 0
2402 1
2403 0
2404 0
2405 0
2406 1
2407 0
2408 1
2409 1
2410 0
2411 0
2412 0
2413 0
2414 0
2415 0
2416 0
2417 0
2418 1
2419 0
2420 0
2421 0
2422 0
2423 1
2424 0
2425 0
2426 1
2427 0
2428 0
2429 0
2430 0
2431 0
2432 1
2433 1
2434 1
2435 0
2436 0
2437 0
2438 0
2439 0
2440 0
2441 0
2442 0
2443 0
2444 1
2445 1
2446 1
2447 0
2448 0
2449 0
2450 1
2451 0
2452 0
2453 0
2454 0
2455 0
2456 0
2457 0
2458 0
2459 1
2460 0
2461 0
2462 0
2463 1
2464 0
2465 0
2466 1
2467 1
2468 0
2469 0
2470 0
2471 0
2472 0
2473 0
2474 0
2475 0
2476 0
2477 1
2478 1
2479 1
2480 1
2481 0
2482 1
2483 0
2484 0
2485 1
2486 1
2487 0
2488 0
2489 1
2490 1
2491 0
2492 0
2493 0
2494 0
2495 0
2496 0
2497 0
2498 0
2499 0
2500 0
2501 0
2502 0
2503 0
2504 0
2505 0
2506 0
2507 0
2508 0
2509 0
2510 0
2511 1
2512 0
2513 0
2514 0
2515 1
2516 0
2517 0
2518 1
2519 0
2520 1
2521 0
2522 0
2523 1
2524 0
2525 1
2526 0
2527 0
2528 0
2529 0
2530 0
2531 1
2532 0
2533 1
2534 0
2535 0
2536 0
2537 0
2538 0
2539 1
2540 0
2541 0
2542 0
2543 1
2544 0
2545 0
2546 1
2547 0
2548 0
2549 0
2550 0
2551 0
2552 1
2553 0
2554 0
2555 0
2556 0
2557 0
2558 1
2559 1
2560 1
2561 0
2562 0
2563 0
2564 0
2565 1
2566 0
2567 1
2568 1
2569 0
2570 0
2571 0
2572 0
2573 0
2574 0
2575 0
2576 0
2577 1
2578 1
2579 1
2580 1
2581 0
2582 1
2583 0
2584 1
2585 0
2586 1
2587 0
2588 0
2589 0
2590 0
2591 0
2592 0
2593 0
2594 0
2595 0
2596 0
2597 0
2598 1
2599 0
2600 0
2601 0
2602 0
2603 0
2604 1
2605 0
2606 0
2607 0
2608 0
2609 0
2610 0
2611 0
2612 1
2613 0
2614 0
2615 0
2616 1
2617 0
2618 0
2619 0
2620 0
2621 0
2622 1
2623 0
2624 1
2625 0
2626 0
2627 0
2628 0
2629 0
2630 0
2631 0
2632 0
2633 1
2634 0
2635 0
2636 0
2637 1
2638 0
2639 0
2640 0
2641 0
2642 1
2643 0
2644 1
2645 1
2646 0
2647 0
2648 0
2649 0
2650 0
2651 0
2652 0
2653 1
2654 1
2655 1
2656 1
2657 0
2658 0
2659 0
2660 0
2661 0
2662 0
2663 0
2664 0
2665 0
2666 0
2667 1
2668 1
2669 1
2670 0
2671 0
2672 0
2673 0
2674 0
2675 0
2676 0
2677 1
2678 0
2679 0
2680 0
2681 0
2682 0
2683 0
2684 0
2685 1
2686 1
2687 0
2688 0
2689 0
2690 0
2691 0
2692 0
2693 0
2694 0
2695 0
2696 0
2697 1
2698 1
2699 0
2700 1
2701 1
2702 0
2703 0
2704 0
2705 0
2706 0
2707 0
2708 0
2709 1
2710 0
2711 1
2712 1
2713 1
2714 0
2715 1
2716 0
2717 0
2718 0
2719 0
2720 0
2721 0
2722 0
2723 1
2724 1
2725 0
2726 0
2727 0
2728 0
2729 0
2730 0
2731 1
2732 0
2733 0
2734 0
2735 0
2736 0
2737 0
2738 1
2739 0
2740 0
2741 0
2742 1
2743 0
2744 0
2745 1
2746 0
2747 0
2748 1
2749 0
2750 0
2751 0
2752 0
2753 0
2754 0
2755 0
2756 0
2757 0
2758 0
2759 1
2760 1
2761 0
2762 0
2763 0
2764 1
2765 0
2766 0
2767 0
2768 0
2769 0
2770 0
2771 1
2772 0
2773 0
2774 0
2775 0
2776 0
2777 0
2778 0
2779 0
2780 0
2781 0
2782 0
2783 1
2784 1
2785 0
2786 1
2787 0
2788 0
2789 1
2790 1
2791 0
2792 0
2793 0
2794 0
2795 0
2796 0
2797 0
2798 0
2799 0
2800 0
2801 0
2802 0
2803 0
2804 0
2805 0
2806 0
2807 0
2808 0
2809 0
2810 0
2811 0
2812 1
2813 0
2814 0
2815 0
2816 0
2817 0
2818 0
2819 0
2820 0
2821 1
2822 0
2823 0
2824 0
2825 1
2826 0
2827 0
2828 1
2829 0
2830 0
2831 0
2832 1
2833 0
2834 0
2835 0
2836 0
2837 0
2838 0
2839 0
2840 0
2841 0
2842 0
2843 1
2844 0
2845 0
2846 0
2847 1
2848 0
2849 0
2850 0
2851 0
2852 1
2853 0
2854 0
2855 0
2856 0
2857 0
2858 0
2859 0
2860 1
2861 0
2862 0
2863 0
2864 1
2865 0
2866 1
2867 0
2868 0
2869 0
2870 1
2871 0
2872 0
2873 0
2874 0
2875 0
2876 0
2877 0
2878 1
2879 1
2880 0
2881 0
2882 0
2883 1
2884 0
2885 1
2886 0
2887 0
2888 0
2889 0
2890 1
2891 0
2892 0
2893 0
2894 0
2895 0
2896 0
2897 0
2898 1
2899 0
2900 0
2901 0
2902 0
2903 0
2904 0
2905 0
2906 1
2907 1
2908 1
2909 0
2910 0
2911 0
2912 0
2913 0
2914 1
2915 0
2916 0
2917 0
2918 1
2919 0
2920 0
2921 1
2922 1
2923 0
2924 0
2925 1
2926 0
2927 0
2928 0
2929 1
2930 0
2931 1
2932 0
2933 0
2934 0
2935 0
2936 0
2937 0
2938 0
2939 0
2940 0
2941 0
2942 0
2943 0
2944 0
2945 0
2946 0
2947 0
2948 0
2949 0
2950 0
2951 0
2952 0
2953 0
2954 1
2955 1
2956 0
2957 0
2958 0
2959 0
2960 0
2961 0
2962 0
2963 0
2964 0
2965 1
2966 0
2967 1
2968 1
2969 0
2970 1
2971 0
2972 1
2973 0
2974 0
2975 0
2976 0
2977 1
2978 1
2979 0
2980 0
2981 1
2982 0
2983 0
2984 1
2985 1
2986 0
2987 0
2988 1
2989 1
2990 0
2991 0
2992 0
2993 1
2994 0
2995 0
2996 1
2997 0
2998 0
2999 0
3000 0
3001 0
3002 0
3003 0
3004 1
3005 0
3006 1
3007 0
3008 0
3009 0
3010 0
3011 1
3012 0
3013 0
3014 0
3015 1
3016 0
3017 0
3018 0
3019 0
3020 0
3021 1
3022 0
3023 1
3024 0
3025 0
3026 0
3027 0
3028 0
3029 1
3030 1
3031 1
3032 0
3033 0
3034 0
3035 0
3036 0
3037 0
3038 0
3039 1
3040 0
3041 0
3042 0
3043 0
3044 1
3045 0
3046 1
3047 0
3048 0
3049 0
3050 0
3051 0
3052 1
3053 0
3054 0
3055 1
3056 1
3057 0
3058 1
3059 0
3060 0
3061 0
3062 0
3063 1
3064 0
3065 0
3066 0
3067 1
3068 0
3069 0
3070 1
3071 0
3072 0
3073 0
3074 0
3075 0
3076 0
3077 0
3078 0
3079 0
3080 0
3081 0
3082 0
3083 0
3084 0
3085 0
3086 0
3087 0
3088 0
3089 0
3090 0
3091 0
3092 0
3093 0
3094 0
3095 0
3096 1
3097 0
3098 0
3099 0
3100 0
3101 0
3102 0
3103 1
3104 1
3105 0
3106 0
3107 0
3108 0
3109 0
3110 0
3111 1
3112 1
3113 0
3114 0
3115 1
3116 0
3117 0
3118 0
3119 0
3120 0
3121 1
3122 1
3123 0
3124 0
3125 0
3126 1
3127 1
3128 1
3129 1
3130 1
3131 0
3132 0
3133 1
3134 1
3135 0
3136 1
3137 0
3138 1
3139 0
3140 0
3141 1
3142 0
3143 0
3144 0
3145 1
3146 0
3147 0
3148 0
3149 0
3150 0
3151 0
3152 0
3153 0
3154 1
3155 0
3156 0
3157 0
3158 1
3159 0
3160 0
3161 0
3162 1
3163 0
3164 0
3165 0
3166 0
3167 1
3168 0
3169 0
3170 1
3171 1
3172 0
3173 1
3174 0
3175 0
3176 0
3177 0
3178 0
3179 0
3180 0
3181 0
3182 0
3183 0
3184 0
3185 1
3186 0
3187 0
3188 0
3189 0
3190 0
3191 0
3192 0
3193 1
3194 0
3195 0
3196 0
3197 0
3198 0
3199 0
3200 1
3201 1
3202 0
3203 1
3204 0
3205 1
3206 0
3207 0
3208 0
3209 1
3210 0
3211 0
3212 1
3213 0
3214 0
3215 1
3216 0
3217 0
3218 0
3219 0
3220 1
3221 1
3222 0
3223 1
3224 0
3225 1
3226 0
3227 0
3228 0
3229 0
3230 1
3231 0
3232 0
3233 0
3234 1
3235 0
3236 0
3237 0
3238 1
3239 1
3240 0
3241 1
3242 1
3243 0
3244 0
3245 0
3246 1
3247 0
3248 0
3249 1
3250 0
3251 0
3252 0
3253 0
3254 0
3255 0
3256 1
3257 1
3258 0
3259 1
3260 0
3261 0
3262 1
3263 0
3264 0
3265 0
3266 1
3267 1
3268 0
3269 0
3270 0
3271 0
3272 0
3273 1
3274 0
3275 0
3276 0
3277 0
3278 0
3279 0
3280 1
3281 0
3282 0
3283 1
3284 1
3285 0
3286 1
3287 0
3288 0
3289 0
3290 1
3291 0
3292 1
3293 0
3294 0
3295 0
3296 0
3297 1
3298 0
3299 0
3300 0
3301 0
3302 0
3303 0
3304 0
3305 0
3306 0
3307 1
3308 0
3309 0
3310 0
3311 0
3312 0
3313 0
3314 1
3315 1
3316 0
3317 1
3318 1
3319 1
3320 0
3321 0
3322 1
3323 1
3324 1
3325 1
3326 0
3327 0
3328 0
3329 0
3330 1
3331 0
3332 0
3333 0
3334 0
3335 0
3336 0
3337 0
3338 1
3339 0
3340 0
3341 0
3342 0
3343 0
3344 0
3345 0
3346 0
3347 0
3348 0
3349 0
3350 0
3351 0
3352 0
3353 0
3354 0
3355 1
3356 1
3357 0
3358 0
3359 0
3360 0
3361 1
3362 0
3363 1
3364 1
3365 1
3366 0
3367 0
3368 1
3369 0
3370 0
3371 0
3372 1
3373 0
3374 0
3375 0
3376 1
3377 0
3378 1
3379 0
3380 1
3381 0
3382 1
3383 0
3384 1
3385 0
3386 0
3387 0
3388 0
3389 1
3390 0
3391 0
3392 0
3393 0
3394 1
3395 0
3396 0
3397 0
3398 1
3399 0
3400 1
3401 1
3402 0
3403 0
3404 0
3405 1
3406 0
3407 0
3408 1
3409 1
3410 1
3411 0
3412 0
3413 1
3414 0
3415 0
3416 0
3417 0
3418 0
3419 1
3420 1
3421 1
3422 1
3423 0
3424 0
3425 0
3426 0
3427 0
3428 0
3429 0
3430 0
3431 0
3432 0
3433 1
3434 0
3435 0
3436 0
3437 1
3438 0
3439 0
3440 1
3441 0
3442 1
3443 0
3444 1
3445 0
3446 0
3447 0
3448 1
3449 0
3450 0
3451 1
3452 0
3453 0
3454 0
3455 1
3456 0
3457 0
3458 0
3459 0
3460 0
3461 0
3462 1
3463 1
3464 0
3465 1
3466 1
3467 1
3468 0
3469 0
3470 0
3471 0
3472 0
3473 0
3474 0
3475 1
3476 0
3477 0
3478 0
3479 1
3480 0
3481 1
3482 0
3483 1
3484 0
3485 1
3486 0
3487 0
3488 0
3489 0
3490 0
3491 0
3492 0
3493 0
3494 0
3495 0
3496 0
3497 0
3498 0
3499 0
3500 0
3501 0
3502 0
3503 1
3504 1
3505 1
3506 0
3507 0
3508 0
3509 1
3510 1
3511 1
3512 0
3513 0
3514 0
3515 0
3516 1
3517 0
3518 0
3519 0
3520 0
3521 0
3522 0
3523 0
3524 0
3525 1
3526 0
3527 1
3528 1
3529 0
3530 0
3531 0
3532 0
3533 0
3534 0
3535 0
3536 1
3537 0
3538 1
3539 0
3540 0
3541 0
3542 0
3543 0
3544 0
3545 0
3546 0
3547 1
3548 0
3549 0
3550 0
3551 0
3552 1
3553 1
3554 0
3555 0
3556 0
3557 0
3558 0
3559 0
3560 0
3561 0
3562 0
3563 0
3564 1
3565 0
3566 0
3567 0
3568 0
3569 0
3570 1
3571 1
3572 0
3573 0
3574 0
3575 0
3576 1
3577 1
3578 1
3579 0
3580 1
3581 0
3582 1
3583 0
3584 1
3585 0
3586 0
3587 0
3588 0
3589 0
3590 0
3591 0
3592 0
3593 0
3594 1
3595 1
3596 0
3597 1
3598 0
3599 1
3600 1
3601 0
3602 0
3603 0
3604 0
3605 0
3606 0
3607 0
3608 0
3609 1
3610 0
3611 0
3612 0
3613 0
3614 0
3615 0
3616 0
3617 0
3618 1
3619 0
3620 0
3621 1
3622 0
3623 0
3624 1
3625 0
3626 0
3627 0
3628 0
3629 0
3630 0
3631 0
3632 0
3633 0
3634 0
3635 0
3636 0
3637 0
3638 1
3639 1
3640 0
3641 0
3642 0
3643 1
3644 0
3645 1
3646 0
3647 1
3648 0
3649 0
3650 0
3651 0
3652 0
3653 1
3654 0
3655 0
3656 0
3657 0
3658 0
3659 0
3660 0
3661 0
3662 1
3663 0
3664 0
3665 0
3666 0
3667 0
3668 0
3669 0
3670 0
3671 0
3672 1
3673 0
3674 0
3675 0
3676 0
3677 1
3678 0
3679 0
3680 0
3681 0
3682 1
3683 0
3684 0
3685 0
3686 1
3687 0
3688 0
3689 0
3690 1
3691 0
3692 0
3693 0
3694 0
3695 1
3696 0
3697 0
3698 0
3699 1
3700 1
3701 0
3702 1
3703 1
3704 0
3705 0
3706 0
3707 0
3708 0
3709 1
3710 1
3711 0
3712 0
3713 0
3714 0
3715 1
3716 1
3717 1
3718 0
3719 0
3720 0
3721 0
3722 0
3723 0
3724 0
3725 1
3726 0
3727 0
3728 0
3729 0
3730 1
3731 0
3732 0
3733 0
3734 0
3735 1
3736 0
3737 1
3738 0
3739 0
3740 1
3741 1
3742 1
3743 1
3744 1
3745 1
3746 0
3747 1
3748 0
3749 0
3750 1
3751 1
3752 0
3753 0
3754 0
3755 1
3756 0
3757 0
3758 0
3759 0
3760 0
3761 0
3762 1
3763 0
3764 1
3765 0
3766 0
3767 0
3768 0
3769 1
3770 1
3771 0
3772 0
3773 0
3774 0
3775 0
3776 0
3777 0
3778 1
3779 0
3780 1
3781 0
3782 1
3783 1
3784 0
3785 1
3786 1
3787 0
3788 0
3789 1
3790 0
3791 0
3792 0
3793 1
3794 0
3795 0
3796 1
3797 0
3798 0
3799 0
3800 0
3801 0
3802 0
3803 0
3804 0
3805 0
3806 1
3807 0
3808 0
3809 0
3810 0
3811 0
3812 0
3813 0
3814 0
3815 0
3816 1
3817 1
3818 0
3819 1
3820 0
3821 0
3822 1
3823 0
3824 1
3825 1
3826 0
3827 0
3828 1
3829 0
3830 1
3831 0
3832 0
3833 0
3834 0
3835 0
3836 0
3837 0
3838 0
3839 0
3840 0
3841 1
3842 0
3843 0
3844 1
3845 0
3846 0
3847 1
3848 0
3849 0
3850 0
3851 0
3852 1
3853 0
3854 0
3855 0
3856 1
3857 1
3858 0
3859 1
3860 0
3861 0
3862 0
3863 1
3864 0
3865 0
3866 0
3867 0
3868 0
3869 0
3870 1
3871 1
3872 0
3873 0
3874 1
3875 0
3876 1
3877 0
3878 0
3879 0
3880 0
3881 0
3882 0
3883 0
3884 0
3885 0
3886 0
3887 1
3888 0
3889 0
3890 0
3891 0
3892 1
3893 0
3894 0
3895 0
3896 0
3897 0
3898 0
3899 0
3900 0
3901 1
3902 0
3903 0
3904 1
3905 0
3906 0
3907 0
3908 1
3909 0
3910 1
3911 0
3912 0
3913 1
3914 0
3915 0
3916 1
3917 0
3918 0
3919 0
3920 0
3921 1
3922 0
3923 1
3924 0
3925 1
3926 0
3927 1
3928 1
3929 0
3930 0
3931 0
3932 0
3933 1
3934 0
3935 1
3936 0
3937 0
3938 0
3939 1
3940 0
3941 1
3942 1
3943 0
3944 0
3945 0
3946 0
3947 0
3948 0
3949 0
3950 0
3951 0
3952 0
3953 0
3954 0
3955 1
3956 1
3957 0
3958 0
3959 0
3960 0
3961 0
3962 0
3963 0
3964 0
3965 0
3966 0
3967 0
3968 0
3969 1
3970 0
3971 0
3972 1
3973 0
3974 0
3975 0
3976 0
3977 0
3978 0
3979 0
3980 0
3981 0
3982 0
3983 0
3984 0
3985 0
3986 0
3987 0
3988 1
3989 0
3990 1
3991 0
3992 0
3993 0
3994 0
3995 0
3996 0
3997 0
3998 0
3999 0
4000 0
4001 1
4002 0
4003 0
4004 1
4005 1
4006 0
4007 0
4008 0
4009 0
4010 0
4011 0
4012 1
4013 0
4014 0
4015 0
4016 1
4017 0
4018 0
4019 0
4020 0
4021 0
4022 0
4023 1
4024 0
4025 0
4026 0
4027 0
4028 1
4029 0
4030 1
4031 0
4032 0
4033 0
4034 0
4035 0
4036 1
4037 1
4038 1
4039 1
4040 0
4041 0
4042 0
4043 0
4044 0
4045 0
4046 0
4047 1
4048 0
4049 0
4050 0
4051 0
4052 1
4053 0
4054 1
4055 0
4056 0
4057 1
4058 0
4059 1
4060 0
4061 0
4062 0
4063 0
4064 0
4065 1
4066 1
4067 0
4068 0
4069 0
4070 0
4071 0
4072 1
4073 0
4074 0
4075 1
4076 0
4077 0
4078 1
4079 0
4080 0
4081 0
4082 0
4083 0
4084 1
4085 0
4086 0
4087 0
4088 1
4089 1
4090 0
4091 0
4092 1
4093 0
4094 0
4095 0
4096 0
4097 0
4098 1
4099 0
4100 0
4101 0
4102 0
4103 0
4104 0
4105 0
4106 0
4107 1
4108 0
4109 0
4110 0
4111 0
4112 0
4113 0
4114 0
4115 0
4116 0
4117 0
4118 1
4119 0
4120 0
4121 1
4122 0
4123 0
4124 0
4125 1
4126 0
4127 1
4128 0
4129 0
4130 0
4131 0
4132 0
4133 0
4134 0
4135 0
4136 0
4137 0
4138 0
4139 0
4140 0
4141 0
4142 1
4143 1
4144 0
4145 0
4146 0
4147 0
4148 1
4149 0
4150 1
4151 1
4152 1
4153 0
4154 0
4155 0
4156 1
4157 0
